State 23 conflicts: 1 shift/reduce
State 29 conflicts: 1 shift/reduce


Grammar

    0 $accept: Program $end

    1 Program: ExtDefList

    2 ExtDefList: ExtDef ExtDefList
    3           | %empty

    4 ExtDef: Specifier ExtDecList SEMI
    5       | Specifier SEMI
    6       | Specifier FunDec SEMI
    7       | Specifier FunDec CompSt

    8 ExtDecList: VarDec
    9           | VarDec COMMA ExtDecList

   10 Specifier: TYPE
   11          | StructSpecifier

   12 StructSpecifier: STRUCT OptTag LC DefList RC
   13                | STRUCT Tag

   14 OptTag: ID
   15       | %empty

   16 Tag: ID

   17 VarDec: ID
   18       | VarDec LB INT RB

   19 FunDec: ID LP VarList RP
   20       | ID LP RP

   21 VarList: ParamDec COMMA VarList
   22        | ParamDec

   23 ParamDec: Specifier VarDec

   24 CompSt: LC DefList StmtList RC

   25 StmtList: Stmt StmtList
   26         | %empty

   27 Stmt: Exp SEMI
   28     | CompSt
   29     | RETURN Exp SEMI
   30     | IF LP Exp RP Stmt
   31     | IF LP Exp RP Stmt ELSE Stmt
   32     | WHILE LP Exp RP Stmt
   33     | error SEMI

   34 DefList: Def DefList
   35        | %empty

   36 Def: Specifier DecList SEMI
   37    | error SEMI

   38 DecList: Dec
   39        | Dec COMMA DecList

   40 Dec: VarDec
   41    | VarDec ASSIGNOP Exp

   42 Exp: Exp ASSIGNOP Exp
   43    | Exp AND Exp
   44    | Exp OR Exp
   45    | Exp RELOP Exp
   46    | Exp PLUS Exp
   47    | Exp MINUS Exp
   48    | Exp STAR Exp
   49    | Exp DIV Exp
   50    | LP Exp RP
   51    | MINUS Exp
   52    | NOT Exp
   53    | ID LP Args RP
   54    | ID LP RP
   55    | Exp LB Exp RB
   56    | Exp DOT ID
   57    | ID
   58    | INT
   59    | FLOAT

   60 Args: Exp COMMA Args
   61     | Exp


Terminals, with rules where they appear

$end (0) 0
error (256) 33 37
INT (258) 18 58
FLOAT (259) 59
AND (260) 43
ASSIGNOP (261) 41 42
COMMA (262) 9 21 39 60
DIV (263) 49
DOT (264) 56
ELSE (265) 31
ID (266) 14 16 17 19 20 53 54 56 57
IF (267) 30 31
LP (268) 19 20 30 31 32 50 53 54
RP (269) 19 20 30 31 32 50 53 54
LB (270) 18 55
RB (271) 18 55
LC (272) 12 24
RC (273) 12 24
MINUS (274) 47 51
NOT (275) 52
OR (276) 44
PLUS (277) 46
RELOP (278) 45
SEMI (279) 4 5 6 27 29 33 36 37
RETURN (280) 29
STAR (281) 48
STRUCT (282) 12 13
TYPE (283) 10
WHILE (284) 32
LOWER_THAN_ELSE (285)
UMINUS (286)


Nonterminals, with rules where they appear

$accept (32)
    on left: 0
Program (33)
    on left: 1, on right: 0
ExtDefList (34)
    on left: 2 3, on right: 1 2
ExtDef (35)
    on left: 4 5 6 7, on right: 2
ExtDecList (36)
    on left: 8 9, on right: 4 9
Specifier (37)
    on left: 10 11, on right: 4 5 6 7 23 36
StructSpecifier (38)
    on left: 12 13, on right: 11
OptTag (39)
    on left: 14 15, on right: 12
Tag (40)
    on left: 16, on right: 13
VarDec (41)
    on left: 17 18, on right: 8 9 18 23 40 41
FunDec (42)
    on left: 19 20, on right: 6 7
VarList (43)
    on left: 21 22, on right: 19 21
ParamDec (44)
    on left: 23, on right: 21 22
CompSt (45)
    on left: 24, on right: 7 28
StmtList (46)
    on left: 25 26, on right: 24 25
Stmt (47)
    on left: 27 28 29 30 31 32 33, on right: 25 30 31 32
DefList (48)
    on left: 34 35, on right: 12 24 34
Def (49)
    on left: 36 37, on right: 34
DecList (50)
    on left: 38 39, on right: 36 39
Dec (51)
    on left: 40 41, on right: 38 39
Exp (52)
    on left: 42 43 44 45 46 47 48 49 50 51 52 53 54 55 56 57 58 59,
    on right: 27 29 30 31 32 41 42 43 44 45 46 47 48 49 50 51 52 55
    56 60 61
Args (53)
    on left: 60 61, on right: 53 60


State 0

    0 $accept: . Program $end

    STRUCT  shift, and go to state 1
    TYPE    shift, and go to state 2

    $default  reduce using rule 3 (ExtDefList)

    Program          go to state 3
    ExtDefList       go to state 4
    ExtDef           go to state 5
    Specifier        go to state 6
    StructSpecifier  go to state 7


State 1

   12 StructSpecifier: STRUCT . OptTag LC DefList RC
   13                | STRUCT . Tag

    ID  shift, and go to state 8

    $default  reduce using rule 15 (OptTag)

    OptTag  go to state 9
    Tag     go to state 10


State 2

   10 Specifier: TYPE .

    $default  reduce using rule 10 (Specifier)


State 3

    0 $accept: Program . $end

    $end  shift, and go to state 11


State 4

    1 Program: ExtDefList .

    $default  reduce using rule 1 (Program)


State 5

    2 ExtDefList: ExtDef . ExtDefList

    STRUCT  shift, and go to state 1
    TYPE    shift, and go to state 2

    $default  reduce using rule 3 (ExtDefList)

    ExtDefList       go to state 12
    ExtDef           go to state 5
    Specifier        go to state 6
    StructSpecifier  go to state 7


State 6

    4 ExtDef: Specifier . ExtDecList SEMI
    5       | Specifier . SEMI
    6       | Specifier . FunDec SEMI
    7       | Specifier . FunDec CompSt

    ID    shift, and go to state 13
    SEMI  shift, and go to state 14

    ExtDecList  go to state 15
    VarDec      go to state 16
    FunDec      go to state 17


State 7

   11 Specifier: StructSpecifier .

    $default  reduce using rule 11 (Specifier)


State 8

   14 OptTag: ID .
   16 Tag: ID .

    LC        reduce using rule 14 (OptTag)
    $default  reduce using rule 16 (Tag)


State 9

   12 StructSpecifier: STRUCT OptTag . LC DefList RC

    LC  shift, and go to state 18


State 10

   13 StructSpecifier: STRUCT Tag .

    $default  reduce using rule 13 (StructSpecifier)


State 11

    0 $accept: Program $end .

    $default  accept


State 12

    2 ExtDefList: ExtDef ExtDefList .

    $default  reduce using rule 2 (ExtDefList)


State 13

   17 VarDec: ID .
   19 FunDec: ID . LP VarList RP
   20       | ID . LP RP

    LP  shift, and go to state 19

    $default  reduce using rule 17 (VarDec)


State 14

    5 ExtDef: Specifier SEMI .

    $default  reduce using rule 5 (ExtDef)


State 15

    4 ExtDef: Specifier ExtDecList . SEMI

    SEMI  shift, and go to state 20


State 16

    8 ExtDecList: VarDec .
    9           | VarDec . COMMA ExtDecList
   18 VarDec: VarDec . LB INT RB

    COMMA  shift, and go to state 21
    LB     shift, and go to state 22

    $default  reduce using rule 8 (ExtDecList)


State 17

    6 ExtDef: Specifier FunDec . SEMI
    7       | Specifier FunDec . CompSt

    LC    shift, and go to state 23
    SEMI  shift, and go to state 24

    CompSt  go to state 25


State 18

   12 StructSpecifier: STRUCT OptTag LC . DefList RC

    error   shift, and go to state 26
    STRUCT  shift, and go to state 1
    TYPE    shift, and go to state 2

    RC  reduce using rule 35 (DefList)

    Specifier        go to state 27
    StructSpecifier  go to state 7
    DefList          go to state 28
    Def              go to state 29


State 19

   19 FunDec: ID LP . VarList RP
   20       | ID LP . RP

    RP      shift, and go to state 30
    STRUCT  shift, and go to state 1
    TYPE    shift, and go to state 2

    Specifier        go to state 31
    StructSpecifier  go to state 7
    VarList          go to state 32
    ParamDec         go to state 33


State 20

    4 ExtDef: Specifier ExtDecList SEMI .

    $default  reduce using rule 4 (ExtDef)


State 21

    9 ExtDecList: VarDec COMMA . ExtDecList

    ID  shift, and go to state 34

    ExtDecList  go to state 35
    VarDec      go to state 16


State 22

   18 VarDec: VarDec LB . INT RB

    INT  shift, and go to state 36


State 23

   24 CompSt: LC . DefList StmtList RC

    error   shift, and go to state 26
    STRUCT  shift, and go to state 1
    TYPE    shift, and go to state 2

    error   [reduce using rule 35 (DefList)]
    INT     reduce using rule 35 (DefList)
    FLOAT   reduce using rule 35 (DefList)
    ID      reduce using rule 35 (DefList)
    IF      reduce using rule 35 (DefList)
    LP      reduce using rule 35 (DefList)
    LC      reduce using rule 35 (DefList)
    RC      reduce using rule 35 (DefList)
    MINUS   reduce using rule 35 (DefList)
    NOT     reduce using rule 35 (DefList)
    RETURN  reduce using rule 35 (DefList)
    WHILE   reduce using rule 35 (DefList)

    Specifier        go to state 27
    StructSpecifier  go to state 7
    DefList          go to state 37
    Def              go to state 29


State 24

    6 ExtDef: Specifier FunDec SEMI .

    $default  reduce using rule 6 (ExtDef)


State 25

    7 ExtDef: Specifier FunDec CompSt .

    $default  reduce using rule 7 (ExtDef)


State 26

   37 Def: error . SEMI

    SEMI  shift, and go to state 38


State 27

   36 Def: Specifier . DecList SEMI

    ID  shift, and go to state 34

    VarDec   go to state 39
    DecList  go to state 40
    Dec      go to state 41


State 28

   12 StructSpecifier: STRUCT OptTag LC DefList . RC

    RC  shift, and go to state 42


State 29

   34 DefList: Def . DefList

    error   shift, and go to state 26
    STRUCT  shift, and go to state 1
    TYPE    shift, and go to state 2

    error   [reduce using rule 35 (DefList)]
    INT     reduce using rule 35 (DefList)
    FLOAT   reduce using rule 35 (DefList)
    ID      reduce using rule 35 (DefList)
    IF      reduce using rule 35 (DefList)
    LP      reduce using rule 35 (DefList)
    LC      reduce using rule 35 (DefList)
    RC      reduce using rule 35 (DefList)
    MINUS   reduce using rule 35 (DefList)
    NOT     reduce using rule 35 (DefList)
    RETURN  reduce using rule 35 (DefList)
    WHILE   reduce using rule 35 (DefList)

    Specifier        go to state 27
    StructSpecifier  go to state 7
    DefList          go to state 43
    Def              go to state 29


State 30

   20 FunDec: ID LP RP .

    $default  reduce using rule 20 (FunDec)


State 31

   23 ParamDec: Specifier . VarDec

    ID  shift, and go to state 34

    VarDec  go to state 44


State 32

   19 FunDec: ID LP VarList . RP

    RP  shift, and go to state 45


State 33

   21 VarList: ParamDec . COMMA VarList
   22        | ParamDec .

    COMMA  shift, and go to state 46

    $default  reduce using rule 22 (VarList)


State 34

   17 VarDec: ID .

    $default  reduce using rule 17 (VarDec)


State 35

    9 ExtDecList: VarDec COMMA ExtDecList .

    $default  reduce using rule 9 (ExtDecList)


State 36

   18 VarDec: VarDec LB INT . RB

    RB  shift, and go to state 47


State 37

   24 CompSt: LC DefList . StmtList RC

    error   shift, and go to state 48
    INT     shift, and go to state 49
    FLOAT   shift, and go to state 50
    ID      shift, and go to state 51
    IF      shift, and go to state 52
    LP      shift, and go to state 53
    LC      shift, and go to state 23
    MINUS   shift, and go to state 54
    NOT     shift, and go to state 55
    RETURN  shift, and go to state 56
    WHILE   shift, and go to state 57

    RC  reduce using rule 26 (StmtList)

    CompSt    go to state 58
    StmtList  go to state 59
    Stmt      go to state 60
    Exp       go to state 61


State 38

   37 Def: error SEMI .

    $default  reduce using rule 37 (Def)


State 39

   18 VarDec: VarDec . LB INT RB
   40 Dec: VarDec .
   41    | VarDec . ASSIGNOP Exp

    ASSIGNOP  shift, and go to state 62
    LB        shift, and go to state 22

    $default  reduce using rule 40 (Dec)


State 40

   36 Def: Specifier DecList . SEMI

    SEMI  shift, and go to state 63


State 41

   38 DecList: Dec .
   39        | Dec . COMMA DecList

    COMMA  shift, and go to state 64

    $default  reduce using rule 38 (DecList)


State 42

   12 StructSpecifier: STRUCT OptTag LC DefList RC .

    $default  reduce using rule 12 (StructSpecifier)


State 43

   34 DefList: Def DefList .

    $default  reduce using rule 34 (DefList)


State 44

   18 VarDec: VarDec . LB INT RB
   23 ParamDec: Specifier VarDec .

    LB  shift, and go to state 22

    $default  reduce using rule 23 (ParamDec)


State 45

   19 FunDec: ID LP VarList RP .

    $default  reduce using rule 19 (FunDec)


State 46

   21 VarList: ParamDec COMMA . VarList

    STRUCT  shift, and go to state 1
    TYPE    shift, and go to state 2

    Specifier        go to state 31
    StructSpecifier  go to state 7
    VarList          go to state 65
    ParamDec         go to state 33


State 47

   18 VarDec: VarDec LB INT RB .

    $default  reduce using rule 18 (VarDec)


State 48

   33 Stmt: error . SEMI

    SEMI  shift, and go to state 66


State 49

   58 Exp: INT .

    $default  reduce using rule 58 (Exp)


State 50

   59 Exp: FLOAT .

    $default  reduce using rule 59 (Exp)


State 51

   53 Exp: ID . LP Args RP
   54    | ID . LP RP
   57    | ID .

    LP  shift, and go to state 67

    $default  reduce using rule 57 (Exp)


State 52

   30 Stmt: IF . LP Exp RP Stmt
   31     | IF . LP Exp RP Stmt ELSE Stmt

    LP  shift, and go to state 68


State 53

   50 Exp: LP . Exp RP

    INT    shift, and go to state 49
    FLOAT  shift, and go to state 50
    ID     shift, and go to state 51
    LP     shift, and go to state 53
    MINUS  shift, and go to state 54
    NOT    shift, and go to state 55

    Exp  go to state 69


State 54

   51 Exp: MINUS . Exp

    INT    shift, and go to state 49
    FLOAT  shift, and go to state 50
    ID     shift, and go to state 51
    LP     shift, and go to state 53
    MINUS  shift, and go to state 54
    NOT    shift, and go to state 55

    Exp  go to state 70


State 55

   52 Exp: NOT . Exp

    INT    shift, and go to state 49
    FLOAT  shift, and go to state 50
    ID     shift, and go to state 51
    LP     shift, and go to state 53
    MINUS  shift, and go to state 54
    NOT    shift, and go to state 55

    Exp  go to state 71


State 56

   29 Stmt: RETURN . Exp SEMI

    INT    shift, and go to state 49
    FLOAT  shift, and go to state 50
    ID     shift, and go to state 51
    LP     shift, and go to state 53
    MINUS  shift, and go to state 54
    NOT    shift, and go to state 55

    Exp  go to state 72


State 57

   32 Stmt: WHILE . LP Exp RP Stmt

    LP  shift, and go to state 73


State 58

   28 Stmt: CompSt .

    $default  reduce using rule 28 (Stmt)


State 59

   24 CompSt: LC DefList StmtList . RC

    RC  shift, and go to state 74


State 60

   25 StmtList: Stmt . StmtList

    error   shift, and go to state 48
    INT     shift, and go to state 49
    FLOAT   shift, and go to state 50
    ID      shift, and go to state 51
    IF      shift, and go to state 52
    LP      shift, and go to state 53
    LC      shift, and go to state 23
    MINUS   shift, and go to state 54
    NOT     shift, and go to state 55
    RETURN  shift, and go to state 56
    WHILE   shift, and go to state 57

    RC  reduce using rule 26 (StmtList)

    CompSt    go to state 58
    StmtList  go to state 75
    Stmt      go to state 60
    Exp       go to state 61


State 61

   27 Stmt: Exp . SEMI
   42 Exp: Exp . ASSIGNOP Exp
   43    | Exp . AND Exp
   44    | Exp . OR Exp
   45    | Exp . RELOP Exp
   46    | Exp . PLUS Exp
   47    | Exp . MINUS Exp
   48    | Exp . STAR Exp
   49    | Exp . DIV Exp
   55    | Exp . LB Exp RB
   56    | Exp . DOT ID

    AND       shift, and go to state 76
    ASSIGNOP  shift, and go to state 77
    DIV       shift, and go to state 78
    DOT       shift, and go to state 79
    LB        shift, and go to state 80
    MINUS     shift, and go to state 81
    OR        shift, and go to state 82
    PLUS      shift, and go to state 83
    RELOP     shift, and go to state 84
    SEMI      shift, and go to state 85
    STAR      shift, and go to state 86


State 62

   41 Dec: VarDec ASSIGNOP . Exp

    INT    shift, and go to state 49
    FLOAT  shift, and go to state 50
    ID     shift, and go to state 51
    LP     shift, and go to state 53
    MINUS  shift, and go to state 54
    NOT    shift, and go to state 55

    Exp  go to state 87


State 63

   36 Def: Specifier DecList SEMI .

    $default  reduce using rule 36 (Def)


State 64

   39 DecList: Dec COMMA . DecList

    ID  shift, and go to state 34

    VarDec   go to state 39
    DecList  go to state 88
    Dec      go to state 41


State 65

   21 VarList: ParamDec COMMA VarList .

    $default  reduce using rule 21 (VarList)


State 66

   33 Stmt: error SEMI .

    $default  reduce using rule 33 (Stmt)


State 67

   53 Exp: ID LP . Args RP
   54    | ID LP . RP

    INT    shift, and go to state 49
    FLOAT  shift, and go to state 50
    ID     shift, and go to state 51
    LP     shift, and go to state 53
    RP     shift, and go to state 89
    MINUS  shift, and go to state 54
    NOT    shift, and go to state 55

    Exp   go to state 90
    Args  go to state 91


State 68

   30 Stmt: IF LP . Exp RP Stmt
   31     | IF LP . Exp RP Stmt ELSE Stmt

    INT    shift, and go to state 49
    FLOAT  shift, and go to state 50
    ID     shift, and go to state 51
    LP     shift, and go to state 53
    MINUS  shift, and go to state 54
    NOT    shift, and go to state 55

    Exp  go to state 92


State 69

   42 Exp: Exp . ASSIGNOP Exp
   43    | Exp . AND Exp
   44    | Exp . OR Exp
   45    | Exp . RELOP Exp
   46    | Exp . PLUS Exp
   47    | Exp . MINUS Exp
   48    | Exp . STAR Exp
   49    | Exp . DIV Exp
   50    | LP Exp . RP
   55    | Exp . LB Exp RB
   56    | Exp . DOT ID

    AND       shift, and go to state 76
    ASSIGNOP  shift, and go to state 77
    DIV       shift, and go to state 78
    DOT       shift, and go to state 79
    RP        shift, and go to state 93
    LB        shift, and go to state 80
    MINUS     shift, and go to state 81
    OR        shift, and go to state 82
    PLUS      shift, and go to state 83
    RELOP     shift, and go to state 84
    STAR      shift, and go to state 86


State 70

   42 Exp: Exp . ASSIGNOP Exp
   43    | Exp . AND Exp
   44    | Exp . OR Exp
   45    | Exp . RELOP Exp
   46    | Exp . PLUS Exp
   47    | Exp . MINUS Exp
   48    | Exp . STAR Exp
   49    | Exp . DIV Exp
   51    | MINUS Exp .
   55    | Exp . LB Exp RB
   56    | Exp . DOT ID

    DOT  shift, and go to state 79
    LB   shift, and go to state 80

    $default  reduce using rule 51 (Exp)


State 71

   42 Exp: Exp . ASSIGNOP Exp
   43    | Exp . AND Exp
   44    | Exp . OR Exp
   45    | Exp . RELOP Exp
   46    | Exp . PLUS Exp
   47    | Exp . MINUS Exp
   48    | Exp . STAR Exp
   49    | Exp . DIV Exp
   52    | NOT Exp .
   55    | Exp . LB Exp RB
   56    | Exp . DOT ID

    DOT  shift, and go to state 79
    LB   shift, and go to state 80

    $default  reduce using rule 52 (Exp)


State 72

   29 Stmt: RETURN Exp . SEMI
   42 Exp: Exp . ASSIGNOP Exp
   43    | Exp . AND Exp
   44    | Exp . OR Exp
   45    | Exp . RELOP Exp
   46    | Exp . PLUS Exp
   47    | Exp . MINUS Exp
   48    | Exp . STAR Exp
   49    | Exp . DIV Exp
   55    | Exp . LB Exp RB
   56    | Exp . DOT ID

    AND       shift, and go to state 76
    ASSIGNOP  shift, and go to state 77
    DIV       shift, and go to state 78
    DOT       shift, and go to state 79
    LB        shift, and go to state 80
    MINUS     shift, and go to state 81
    OR        shift, and go to state 82
    PLUS      shift, and go to state 83
    RELOP     shift, and go to state 84
    SEMI      shift, and go to state 94
    STAR      shift, and go to state 86


State 73

   32 Stmt: WHILE LP . Exp RP Stmt

    INT    shift, and go to state 49
    FLOAT  shift, and go to state 50
    ID     shift, and go to state 51
    LP     shift, and go to state 53
    MINUS  shift, and go to state 54
    NOT    shift, and go to state 55

    Exp  go to state 95


State 74

   24 CompSt: LC DefList StmtList RC .

    $default  reduce using rule 24 (CompSt)


State 75

   25 StmtList: Stmt StmtList .

    $default  reduce using rule 25 (StmtList)


State 76

   43 Exp: Exp AND . Exp

    INT    shift, and go to state 49
    FLOAT  shift, and go to state 50
    ID     shift, and go to state 51
    LP     shift, and go to state 53
    MINUS  shift, and go to state 54
    NOT    shift, and go to state 55

    Exp  go to state 96


State 77

   42 Exp: Exp ASSIGNOP . Exp

    INT    shift, and go to state 49
    FLOAT  shift, and go to state 50
    ID     shift, and go to state 51
    LP     shift, and go to state 53
    MINUS  shift, and go to state 54
    NOT    shift, and go to state 55

    Exp  go to state 97


State 78

   49 Exp: Exp DIV . Exp

    INT    shift, and go to state 49
    FLOAT  shift, and go to state 50
    ID     shift, and go to state 51
    LP     shift, and go to state 53
    MINUS  shift, and go to state 54
    NOT    shift, and go to state 55

    Exp  go to state 98


State 79

   56 Exp: Exp DOT . ID

    ID  shift, and go to state 99


State 80

   55 Exp: Exp LB . Exp RB

    INT    shift, and go to state 49
    FLOAT  shift, and go to state 50
    ID     shift, and go to state 51
    LP     shift, and go to state 53
    MINUS  shift, and go to state 54
    NOT    shift, and go to state 55

    Exp  go to state 100


State 81

   47 Exp: Exp MINUS . Exp

    INT    shift, and go to state 49
    FLOAT  shift, and go to state 50
    ID     shift, and go to state 51
    LP     shift, and go to state 53
    MINUS  shift, and go to state 54
    NOT    shift, and go to state 55

    Exp  go to state 101


State 82

   44 Exp: Exp OR . Exp

    INT    shift, and go to state 49
    FLOAT  shift, and go to state 50
    ID     shift, and go to state 51
    LP     shift, and go to state 53
    MINUS  shift, and go to state 54
    NOT    shift, and go to state 55

    Exp  go to state 102


State 83

   46 Exp: Exp PLUS . Exp

    INT    shift, and go to state 49
    FLOAT  shift, and go to state 50
    ID     shift, and go to state 51
    LP     shift, and go to state 53
    MINUS  shift, and go to state 54
    NOT    shift, and go to state 55

    Exp  go to state 103


State 84

   45 Exp: Exp RELOP . Exp

    INT    shift, and go to state 49
    FLOAT  shift, and go to state 50
    ID     shift, and go to state 51
    LP     shift, and go to state 53
    MINUS  shift, and go to state 54
    NOT    shift, and go to state 55

    Exp  go to state 104


State 85

   27 Stmt: Exp SEMI .

    $default  reduce using rule 27 (Stmt)


State 86

   48 Exp: Exp STAR . Exp

    INT    shift, and go to state 49
    FLOAT  shift, and go to state 50
    ID     shift, and go to state 51
    LP     shift, and go to state 53
    MINUS  shift, and go to state 54
    NOT    shift, and go to state 55

    Exp  go to state 105


State 87

   41 Dec: VarDec ASSIGNOP Exp .
   42 Exp: Exp . ASSIGNOP Exp
   43    | Exp . AND Exp
   44    | Exp . OR Exp
   45    | Exp . RELOP Exp
   46    | Exp . PLUS Exp
   47    | Exp . MINUS Exp
   48    | Exp . STAR Exp
   49    | Exp . DIV Exp
   55    | Exp . LB Exp RB
   56    | Exp . DOT ID

    AND       shift, and go to state 76
    ASSIGNOP  shift, and go to state 77
    DIV       shift, and go to state 78
    DOT       shift, and go to state 79
    LB        shift, and go to state 80
    MINUS     shift, and go to state 81
    OR        shift, and go to state 82
    PLUS      shift, and go to state 83
    RELOP     shift, and go to state 84
    STAR      shift, and go to state 86

    $default  reduce using rule 41 (Dec)


State 88

   39 DecList: Dec COMMA DecList .

    $default  reduce using rule 39 (DecList)


State 89

   54 Exp: ID LP RP .

    $default  reduce using rule 54 (Exp)


State 90

   42 Exp: Exp . ASSIGNOP Exp
   43    | Exp . AND Exp
   44    | Exp . OR Exp
   45    | Exp . RELOP Exp
   46    | Exp . PLUS Exp
   47    | Exp . MINUS Exp
   48    | Exp . STAR Exp
   49    | Exp . DIV Exp
   55    | Exp . LB Exp RB
   56    | Exp . DOT ID
   60 Args: Exp . COMMA Args
   61     | Exp .

    AND       shift, and go to state 76
    ASSIGNOP  shift, and go to state 77
    COMMA     shift, and go to state 106
    DIV       shift, and go to state 78
    DOT       shift, and go to state 79
    LB        shift, and go to state 80
    MINUS     shift, and go to state 81
    OR        shift, and go to state 82
    PLUS      shift, and go to state 83
    RELOP     shift, and go to state 84
    STAR      shift, and go to state 86

    $default  reduce using rule 61 (Args)


State 91

   53 Exp: ID LP Args . RP

    RP  shift, and go to state 107


State 92

   30 Stmt: IF LP Exp . RP Stmt
   31     | IF LP Exp . RP Stmt ELSE Stmt
   42 Exp: Exp . ASSIGNOP Exp
   43    | Exp . AND Exp
   44    | Exp . OR Exp
   45    | Exp . RELOP Exp
   46    | Exp . PLUS Exp
   47    | Exp . MINUS Exp
   48    | Exp . STAR Exp
   49    | Exp . DIV Exp
   55    | Exp . LB Exp RB
   56    | Exp . DOT ID

    AND       shift, and go to state 76
    ASSIGNOP  shift, and go to state 77
    DIV       shift, and go to state 78
    DOT       shift, and go to state 79
    RP        shift, and go to state 108
    LB        shift, and go to state 80
    MINUS     shift, and go to state 81
    OR        shift, and go to state 82
    PLUS      shift, and go to state 83
    RELOP     shift, and go to state 84
    STAR      shift, and go to state 86


State 93

   50 Exp: LP Exp RP .

    $default  reduce using rule 50 (Exp)


State 94

   29 Stmt: RETURN Exp SEMI .

    $default  reduce using rule 29 (Stmt)


State 95

   32 Stmt: WHILE LP Exp . RP Stmt
   42 Exp: Exp . ASSIGNOP Exp
   43    | Exp . AND Exp
   44    | Exp . OR Exp
   45    | Exp . RELOP Exp
   46    | Exp . PLUS Exp
   47    | Exp . MINUS Exp
   48    | Exp . STAR Exp
   49    | Exp . DIV Exp
   55    | Exp . LB Exp RB
   56    | Exp . DOT ID

    AND       shift, and go to state 76
    ASSIGNOP  shift, and go to state 77
    DIV       shift, and go to state 78
    DOT       shift, and go to state 79
    RP        shift, and go to state 109
    LB        shift, and go to state 80
    MINUS     shift, and go to state 81
    OR        shift, and go to state 82
    PLUS      shift, and go to state 83
    RELOP     shift, and go to state 84
    STAR      shift, and go to state 86


State 96

   42 Exp: Exp . ASSIGNOP Exp
   43    | Exp . AND Exp
   43    | Exp AND Exp .
   44    | Exp . OR Exp
   45    | Exp . RELOP Exp
   46    | Exp . PLUS Exp
   47    | Exp . MINUS Exp
   48    | Exp . STAR Exp
   49    | Exp . DIV Exp
   55    | Exp . LB Exp RB
   56    | Exp . DOT ID

    DIV    shift, and go to state 78
    DOT    shift, and go to state 79
    LB     shift, and go to state 80
    MINUS  shift, and go to state 81
    PLUS   shift, and go to state 83
    RELOP  shift, and go to state 84
    STAR   shift, and go to state 86

    $default  reduce using rule 43 (Exp)


State 97

   42 Exp: Exp . ASSIGNOP Exp
   42    | Exp ASSIGNOP Exp .
   43    | Exp . AND Exp
   44    | Exp . OR Exp
   45    | Exp . RELOP Exp
   46    | Exp . PLUS Exp
   47    | Exp . MINUS Exp
   48    | Exp . STAR Exp
   49    | Exp . DIV Exp
   55    | Exp . LB Exp RB
   56    | Exp . DOT ID

    AND       shift, and go to state 76
    ASSIGNOP  shift, and go to state 77
    DIV       shift, and go to state 78
    DOT       shift, and go to state 79
    LB        shift, and go to state 80
    MINUS     shift, and go to state 81
    OR        shift, and go to state 82
    PLUS      shift, and go to state 83
    RELOP     shift, and go to state 84
    STAR      shift, and go to state 86

    $default  reduce using rule 42 (Exp)


State 98

   42 Exp: Exp . ASSIGNOP Exp
   43    | Exp . AND Exp
   44    | Exp . OR Exp
   45    | Exp . RELOP Exp
   46    | Exp . PLUS Exp
   47    | Exp . MINUS Exp
   48    | Exp . STAR Exp
   49    | Exp . DIV Exp
   49    | Exp DIV Exp .
   55    | Exp . LB Exp RB
   56    | Exp . DOT ID

    DOT  shift, and go to state 79
    LB   shift, and go to state 80

    $default  reduce using rule 49 (Exp)


State 99

   56 Exp: Exp DOT ID .

    $default  reduce using rule 56 (Exp)


State 100

   42 Exp: Exp . ASSIGNOP Exp
   43    | Exp . AND Exp
   44    | Exp . OR Exp
   45    | Exp . RELOP Exp
   46    | Exp . PLUS Exp
   47    | Exp . MINUS Exp
   48    | Exp . STAR Exp
   49    | Exp . DIV Exp
   55    | Exp . LB Exp RB
   55    | Exp LB Exp . RB
   56    | Exp . DOT ID

    AND       shift, and go to state 76
    ASSIGNOP  shift, and go to state 77
    DIV       shift, and go to state 78
    DOT       shift, and go to state 79
    LB        shift, and go to state 80
    RB        shift, and go to state 110
    MINUS     shift, and go to state 81
    OR        shift, and go to state 82
    PLUS      shift, and go to state 83
    RELOP     shift, and go to state 84
    STAR      shift, and go to state 86


State 101

   42 Exp: Exp . ASSIGNOP Exp
   43    | Exp . AND Exp
   44    | Exp . OR Exp
   45    | Exp . RELOP Exp
   46    | Exp . PLUS Exp
   47    | Exp . MINUS Exp
   47    | Exp MINUS Exp .
   48    | Exp . STAR Exp
   49    | Exp . DIV Exp
   55    | Exp . LB Exp RB
   56    | Exp . DOT ID

    DIV   shift, and go to state 78
    DOT   shift, and go to state 79
    LB    shift, and go to state 80
    STAR  shift, and go to state 86

    $default  reduce using rule 47 (Exp)


State 102

   42 Exp: Exp . ASSIGNOP Exp
   43    | Exp . AND Exp
   44    | Exp . OR Exp
   44    | Exp OR Exp .
   45    | Exp . RELOP Exp
   46    | Exp . PLUS Exp
   47    | Exp . MINUS Exp
   48    | Exp . STAR Exp
   49    | Exp . DIV Exp
   55    | Exp . LB Exp RB
   56    | Exp . DOT ID

    AND    shift, and go to state 76
    DIV    shift, and go to state 78
    DOT    shift, and go to state 79
    LB     shift, and go to state 80
    MINUS  shift, and go to state 81
    PLUS   shift, and go to state 83
    RELOP  shift, and go to state 84
    STAR   shift, and go to state 86

    $default  reduce using rule 44 (Exp)


State 103

   42 Exp: Exp . ASSIGNOP Exp
   43    | Exp . AND Exp
   44    | Exp . OR Exp
   45    | Exp . RELOP Exp
   46    | Exp . PLUS Exp
   46    | Exp PLUS Exp .
   47    | Exp . MINUS Exp
   48    | Exp . STAR Exp
   49    | Exp . DIV Exp
   55    | Exp . LB Exp RB
   56    | Exp . DOT ID

    DIV   shift, and go to state 78
    DOT   shift, and go to state 79
    LB    shift, and go to state 80
    STAR  shift, and go to state 86

    $default  reduce using rule 46 (Exp)


State 104

   42 Exp: Exp . ASSIGNOP Exp
   43    | Exp . AND Exp
   44    | Exp . OR Exp
   45    | Exp . RELOP Exp
   45    | Exp RELOP Exp .
   46    | Exp . PLUS Exp
   47    | Exp . MINUS Exp
   48    | Exp . STAR Exp
   49    | Exp . DIV Exp
   55    | Exp . LB Exp RB
   56    | Exp . DOT ID

    DIV    shift, and go to state 78
    DOT    shift, and go to state 79
    LB     shift, and go to state 80
    MINUS  shift, and go to state 81
    PLUS   shift, and go to state 83
    STAR   shift, and go to state 86

    $default  reduce using rule 45 (Exp)


State 105

   42 Exp: Exp . ASSIGNOP Exp
   43    | Exp . AND Exp
   44    | Exp . OR Exp
   45    | Exp . RELOP Exp
   46    | Exp . PLUS Exp
   47    | Exp . MINUS Exp
   48    | Exp . STAR Exp
   48    | Exp STAR Exp .
   49    | Exp . DIV Exp
   55    | Exp . LB Exp RB
   56    | Exp . DOT ID

    DOT  shift, and go to state 79
    LB   shift, and go to state 80

    $default  reduce using rule 48 (Exp)


State 106

   60 Args: Exp COMMA . Args

    INT    shift, and go to state 49
    FLOAT  shift, and go to state 50
    ID     shift, and go to state 51
    LP     shift, and go to state 53
    MINUS  shift, and go to state 54
    NOT    shift, and go to state 55

    Exp   go to state 90
    Args  go to state 111


State 107

   53 Exp: ID LP Args RP .

    $default  reduce using rule 53 (Exp)


State 108

   30 Stmt: IF LP Exp RP . Stmt
   31     | IF LP Exp RP . Stmt ELSE Stmt

    error   shift, and go to state 48
    INT     shift, and go to state 49
    FLOAT   shift, and go to state 50
    ID      shift, and go to state 51
    IF      shift, and go to state 52
    LP      shift, and go to state 53
    LC      shift, and go to state 23
    MINUS   shift, and go to state 54
    NOT     shift, and go to state 55
    RETURN  shift, and go to state 56
    WHILE   shift, and go to state 57

    CompSt  go to state 58
    Stmt    go to state 112
    Exp     go to state 61


State 109

   32 Stmt: WHILE LP Exp RP . Stmt

    error   shift, and go to state 48
    INT     shift, and go to state 49
    FLOAT   shift, and go to state 50
    ID      shift, and go to state 51
    IF      shift, and go to state 52
    LP      shift, and go to state 53
    LC      shift, and go to state 23
    MINUS   shift, and go to state 54
    NOT     shift, and go to state 55
    RETURN  shift, and go to state 56
    WHILE   shift, and go to state 57

    CompSt  go to state 58
    Stmt    go to state 113
    Exp     go to state 61


State 110

   55 Exp: Exp LB Exp RB .

    $default  reduce using rule 55 (Exp)


State 111

   60 Args: Exp COMMA Args .

    $default  reduce using rule 60 (Args)


State 112

   30 Stmt: IF LP Exp RP Stmt .
   31     | IF LP Exp RP Stmt . ELSE Stmt

    ELSE  shift, and go to state 114

    $default  reduce using rule 30 (Stmt)


State 113

   32 Stmt: WHILE LP Exp RP Stmt .

    $default  reduce using rule 32 (Stmt)


State 114

   31 Stmt: IF LP Exp RP Stmt ELSE . Stmt

    error   shift, and go to state 48
    INT     shift, and go to state 49
    FLOAT   shift, and go to state 50
    ID      shift, and go to state 51
    IF      shift, and go to state 52
    LP      shift, and go to state 53
    LC      shift, and go to state 23
    MINUS   shift, and go to state 54
    NOT     shift, and go to state 55
    RETURN  shift, and go to state 56
    WHILE   shift, and go to state 57

    CompSt  go to state 58
    Stmt    go to state 115
    Exp     go to state 61


State 115

   31 Stmt: IF LP Exp RP Stmt ELSE Stmt .

    $default  reduce using rule 31 (Stmt)
